Compiling the CXX compiler identification source file "CMakeCXXCompilerId.cpp" failed.
Compiler: CMAKE_CXX_COMPILER-NOTFOUND 
Build flags: 
Id flags:  

The output was:
No such file or directory


Compiling the CXX compiler identification source file "CMakeCXXCompilerId.cpp" failed.
Compiler: CMAKE_CXX_COMPILER-NOTFOUND 
Build flags: 
Id flags: -c 

The output was:
No such file or directory


Compiling the CXX compiler identification source file "CMakeCXXCompilerId.cpp" failed.
Compiler: CMAKE_CXX_COMPILER-NOTFOUND 
Build flags: 
Id flags: --c++ 

The output was:
No such file or directory


Compiling the CXX compiler identification source file "CMakeCXXCompilerId.cpp" failed.
Compiler: CMAKE_CXX_COMPILER-NOTFOUND 
Build flags: 
Id flags: --ec++ 

The output was:
No such file or directory


Compiling the CXX compiler identification source file "CMakeCXXCompilerId.cpp" failed.
Compiler: CMAKE_CXX_COMPILER-NOTFOUND 
Build flags: 
Id flags:  

The output was:
No such file or directory


Compiling the CXX compiler identification source file "CMakeCXXCompilerId.cpp" failed.
Compiler: CMAKE_CXX_COMPILER-NOTFOUND 
Build flags: 
Id flags: -c 

The output was:
No such file or directory


Compiling the CXX compiler identification source file "CMakeCXXCompilerId.cpp" failed.
Compiler: CMAKE_CXX_COMPILER-NOTFOUND 
Build flags: 
Id flags: --c++ 

The output was:
No such file or directory


Compiling the CXX compiler identification source file "CMakeCXXCompilerId.cpp" failed.
Compiler: CMAKE_CXX_COMPILER-NOTFOUND 
Build flags: 
Id flags: --ec++ 

The output was:
No such file or directory


Determining if the pthread_create exist failed with the following output:
Change Dir: /home/antoine/Documents/Doom_nukem/CMakeFiles/CMakeTmp

Run Build Command:"/usr/bin/make" "cmTC_29406/fast"
/usr/bin/make -f CMakeFiles/cmTC_29406.dir/build.make CMakeFiles/cmTC_29406.dir/build
make[1] : on entre dans le répertoire « /home/antoine/Documents/Doom_nukem/CMakeFiles/CMakeTmp »
Building C object CMakeFiles/cmTC_29406.dir/CheckSymbolExists.c.o
/usr/bin/cc    -o CMakeFiles/cmTC_29406.dir/CheckSymbolExists.c.o   -c /home/antoine/Documents/Doom_nukem/CMakeFiles/CMakeTmp/CheckSymbolExists.c
Linking C executable cmTC_29406
/usr/bin/cmake -E cmake_link_script CMakeFiles/cmTC_29406.dir/link.txt --verbose=1
/usr/bin/cc      CMakeFiles/cmTC_29406.dir/CheckSymbolExists.c.o  -o cmTC_29406 
CMakeFiles/cmTC_29406.dir/CheckSymbolExists.c.o : Dans la fonction « main » :
CheckSymbolExists.c:(.text+0x1b) : référence indéfinie vers « pthread_create »
collect2: error: ld returned 1 exit status
CMakeFiles/cmTC_29406.dir/build.make:97: recipe for target 'cmTC_29406' failed
make[1]: *** [cmTC_29406] Error 1
make[1] : on quitte le répertoire « /home/antoine/Documents/Doom_nukem/CMakeFiles/CMakeTmp »
Makefile:126: recipe for target 'cmTC_29406/fast' failed
make: *** [cmTC_29406/fast] Error 2

File /home/antoine/Documents/Doom_nukem/CMakeFiles/CMakeTmp/CheckSymbolExists.c:
/* */
#include <pthread.h>

int main(int argc, char** argv)
{
  (void)argv;
#ifndef pthread_create
  return ((int*)(&pthread_create))[argc];
#else
  (void)argc;
  return 0;
#endif
}

Determining if the function pthread_create exists in the pthreads failed with the following output:
Change Dir: /home/antoine/Documents/Doom_nukem/CMakeFiles/CMakeTmp

Run Build Command:"/usr/bin/make" "cmTC_cb1ed/fast"
/usr/bin/make -f CMakeFiles/cmTC_cb1ed.dir/build.make CMakeFiles/cmTC_cb1ed.dir/build
make[1] : on entre dans le répertoire « /home/antoine/Documents/Doom_nukem/CMakeFiles/CMakeTmp »
Building C object CMakeFiles/cmTC_cb1ed.dir/CheckFunctionExists.c.o
/usr/bin/cc   -DCHECK_FUNCTION_EXISTS=pthread_create   -o CMakeFiles/cmTC_cb1ed.dir/CheckFunctionExists.c.o   -c /usr/share/cmake-3.10/Modules/CheckFunctionExists.c
Linking C executable cmTC_cb1ed
/usr/bin/cmake -E cmake_link_script CMakeFiles/cmTC_cb1ed.dir/link.txt --verbose=1
/usr/bin/cc  -DCHECK_FUNCTION_EXISTS=pthread_create    CMakeFiles/cmTC_cb1ed.dir/CheckFunctionExists.c.o  -o cmTC_cb1ed -lpthreads 
/usr/bin/ld : ne peut trouver -lpthreads
collect2: error: ld returned 1 exit status
CMakeFiles/cmTC_cb1ed.dir/build.make:97: recipe for target 'cmTC_cb1ed' failed
make[1]: *** [cmTC_cb1ed] Error 1
make[1] : on quitte le répertoire « /home/antoine/Documents/Doom_nukem/CMakeFiles/CMakeTmp »
Makefile:126: recipe for target 'cmTC_cb1ed/fast' failed
make: *** [cmTC_cb1ed/fast] Error 2


